<?xml version="1.0" encoding="UTF-8"?>
<testsuite name="com.example.demo.DemoApiSimpleApplicationTests" tests="0" skipped="0" failures="0" errors="0" timestamp="1970-01-01T00:00:00" hostname="LM-SHC-00950411" time="0.0">
  <properties/>
  <system-out><![CDATA[13:10:35.723 [Test worker] DEBUG org.springframework.test.context.junit4.SpringJUnit4ClassRunner - SpringJUnit4ClassRunner constructor called with [class com.example.demo.DemoApiSimpleApplicationTests]
13:10:35.730 [Test worker] DEBUG org.springframework.test.context.BootstrapUtils - Instantiating CacheAwareContextLoaderDelegate from class [org.springframework.test.context.cache.DefaultCacheAwareContextLoaderDelegate]
13:10:35.736 [Test worker] DEBUG org.springframework.test.context.BootstrapUtils - Instantiating BootstrapContext using constructor [public org.springframework.test.context.support.DefaultBootstrapContext(java.lang.Class,org.springframework.test.context.CacheAwareContextLoaderDelegate)]
13:10:35.748 [Test worker] DEBUG org.springframework.test.context.BootstrapUtils - Instantiating TestContextBootstrapper for test class [com.example.demo.DemoApiSimpleApplicationTests] from class [org.springframework.boot.test.context.SpringBootTestContextBootstrapper]
13:10:35.757 [Test worker] INFO org.springframework.boot.test.context.SpringBootTestContextBootstrapper - Neither @ContextConfiguration nor @ContextHierarchy found for test class [com.example.demo.DemoApiSimpleApplicationTests], using SpringBootContextLoader
13:10:35.761 [Test worker] DEBUG org.springframework.test.context.support.AbstractContextLoader - Did not detect default resource location for test class [com.example.demo.DemoApiSimpleApplicationTests]: class path resource [com/example/demo/DemoApiSimpleApplicationTests-context.xml] does not exist
13:10:35.762 [Test worker] DEBUG org.springframework.test.context.support.AbstractContextLoader - Did not detect default resource location for test class [com.example.demo.DemoApiSimpleApplicationTests]: class path resource [com/example/demo/DemoApiSimpleApplicationTestsContext.groovy] does not exist
13:10:35.762 [Test worker] INFO org.springframework.test.context.support.AbstractContextLoader - Could not detect default resource locations for test class [com.example.demo.DemoApiSimpleApplicationTests]: no resource found for suffixes {-context.xml, Context.groovy}.
13:10:35.763 [Test worker] INFO org.springframework.test.context.support.AnnotationConfigContextLoaderUtils - Could not detect default configuration classes for test class [com.example.demo.DemoApiSimpleApplicationTests]: DemoApiSimpleApplicationTests does not declare any static, non-private, non-final, nested classes annotated with @Configuration.
13:10:35.792 [Test worker] DEBUG org.springframework.test.context.support.ActiveProfilesUtils - Could not find an 'annotation declaring class' for annotation type [org.springframework.test.context.ActiveProfiles] and class [com.example.demo.DemoApiSimpleApplicationTests]
13:10:35.798 [Test worker] DEBUG org.springframework.core.env.StandardEnvironment - Adding PropertySource 'systemProperties' with lowest search precedence
13:10:35.798 [Test worker] DEBUG org.springframework.core.env.StandardEnvironment - Adding PropertySource 'systemEnvironment' with lowest search precedence
13:10:35.798 [Test worker] DEBUG org.springframework.core.env.StandardEnvironment - Initialized StandardEnvironment with PropertySources [MapPropertySource@1462987708 {name='systemProperties', properties={gopherProxySet=false, awt.toolkit=sun.lwawt.macosx.LWCToolkit, java.specification.version=9, file.encoding.pkg=sun.io, sun.cpu.isalist=, sun.jnu.encoding=UTF-8, org.gradle.test.worker=4, java.class.path=/Users/llei/.gradle/caches/4.3/workerMain/gradle-worker.jar:/Users/llei/Documents/workspace/java/microservices/services/demo/demo-api-simple-swagger-aop/build/classes/java/test:/Users/llei/Documents/workspace/java/microservices/services/demo/demo-api-simple-swagger-aop/build/resources/test:/Users/llei/Documents/workspace/java/microservices/services/demo/demo-api-simple-swagger-aop/build/classes/java/main:/Users/llei/Documents/workspace/java/microservices/services/demo/demo-api-simple-swagger-aop/build/resources/main:/Users/llei/.gradle/caches/modules-2/files-2.1/org.springframework.boot/spring-boot-starter-web/2.0.0.RC1/371b7248b6d1e4e5e17803adc091379df8779cff/spring-boot-starter-web-2.0.0.RC1.jar:/Users/llei/.gradle/caches/modules-2/files-2.1/org.springframework.boot/spring-boot-starter-aop/2.0.0.RC1/78c7892e3573642e001dc445bdd88e8b8a1ec30b/spring-boot-starter-aop-2.0.0.RC1.jar:/Users/llei/.gradle/caches/modules-2/files-2.1/io.springfox/springfox-swagger2/2.8.0/27fbca30912258ce0e31cd56361f732f6c27d5ff/springfox-swagger2-2.8.0.jar:/Users/llei/.gradle/caches/modules-2/files-2.1/io.springfox/springfox-swagger-ui/2.8.0/2b895560df9cd70a2e93119188981b004b4e2ad5/springfox-swagger-ui-2.8.0.jar:/Users/llei/.gradle/caches/modules-2/files-2.1/org.springframework.boot/spring-boot-starter-test/2.0.0.RC1/aa8971c22f063aeb6036931683808190875bd10b/spring-boot-starter-test-2.0.0.RC1.jar:/Users/llei/.gradle/caches/modules-2/files-2.1/org.springframework.boot/spring-boot-starter-json/2.0.0.RC1/9742f2d9511b570b5d77b502ba0b8ae6e85722b0/spring-boot-starter-json-2.0.0.RC1.jar:/Users/llei/.gradle/caches/modules-2/files-2.1/org.springframework.boot/spring-boot-starter/2.0.0.RC1/16674d8e982d50b0d68046d191c52d2c14a0d24c/spring-boot-starter-2.0.0.RC1.jar:/Users/llei/.gradle/caches/modules-2/files-2.1/org.springframework.boot/spring-boot-starter-tomcat/2.0.0.RC1/49e790b6257495beda71b28f30505e760d1caa93/spring-boot-starter-tomcat-2.0.0.RC1.jar:/Users/llei/.gradle/caches/modules-2/files-2.1/org.hibernate.validator/hibernate-validator/6.0.7.Final/8b9d9c7ec8c73963ea0fe81912fc67711a4ef76/hibernate-validator-6.0.7.Final.jar:/Users/llei/.gradle/caches/modules-2/files-2.1/org.springframework/spring-webmvc/5.0.3.RELEASE/ded72f3634f4fb5989b2ee145faa72a4430843c5/spring-webmvc-5.0.3.RELEASE.jar:/Users/llei/.gradle/caches/modules-2/files-2.1/org.springframework/spring-web/5.0.3.RELEASE/5266e04bf799e523bfe163f0e5520799c216cbfb/spring-web-5.0.3.RELEASE.jar:/Users/llei/.gradle/caches/modules-2/files-2.1/io.springfox/springfox-swagger-common/2.8.0/e0fc6a0096eb8d40fac7cc8206ddbb2fe73051d2/springfox-swagger-common-2.8.0.jar:/Users/llei/.gradle/caches/modules-2/files-2.1/io.springfox/springfox-spring-web/2.8.0/cb2ce464b07919158dde1ad40f72cca9c364559b/springfox-spring-web-2.8.0.jar:/Users/llei/.gradle/caches/modules-2/files-2.1/io.springfox/springfox-schema/2.8.0/70ed8275e2277bffe269c8dbd688f54464bf1222/springfox-schema-2.8.0.jar:/Users/llei/.gradle/caches/modules-2/files-2.1/io.springfox/springfox-spi/2.8.0/efe49b45357dd9f6c27799a5f7f5ba1ce6bdc05f/springfox-spi-2.8.0.jar:/Users/llei/.gradle/caches/modules-2/files-2.1/io.springfox/springfox-core/2.8.0/5f0fbaa34cc01dfca7089000c4943629d7e1c9dc/springfox-core-2.8.0.jar:/Users/llei/.gradle/caches/modules-2/files-2.1/org.springframework.plugin/spring-plugin-metadata/1.2.0.RELEASE/97223fc496b6cab31602eedbd4202aa4fff0d44f/spring-plugin-metadata-1.2.0.RELEASE.jar:/Users/llei/.gradle/caches/modules-2/files-2.1/org.springframework.plugin/spring-plugin-core/1.2.0.RELEASE/f380e7760032e7d929184f8ad8a33716b75c0657/spring-plugin-core-1.2.0.RELEASE.jar:/Users/llei/.gradle/caches/modules-2/files-2.1/org.springframework.boot/spring-boot-test-autoconfigure/2.0.0.RC1/a7a3d7421feba83807c5bb07d079a36a1edfd68f/spring-boot-test-autoconfigure-2.0.0.RC1.jar:/Users/llei/.gradle/caches/modules-2/files-2.1/org.springframework.boot/spring-boot-test/2.0.0.RC1/3725271706f61a5a1c8bddebf6cd6ce177a7a601/spring-boot-test-2.0.0.RC1.jar:/Users/llei/.gradle/caches/modules-2/files-2.1/org.springframework.boot/spring-boot-autoconfigure/2.0.0.RC1/8f0047cbc44852c9aa169f2156a4f430dd366a99/spring-boot-autoconfigure-2.0.0.RC1.jar:/Users/llei/.gradle/caches/modules-2/files-2.1/org.springframework.boot/spring-boot/2.0.0.RC1/92feecd8f26ee86caf4e87443433ebcb3050047b/spring-boot-2.0.0.RC1.jar:/Users/llei/.gradle/caches/modules-2/files-2.1/org.springframework/spring-context/5.0.3.RELEASE/a7cb3317167059337d57a6ba92b7a95997322198/spring-context-5.0.3.RELEASE.jar:/Users/llei/.gradle/caches/modules-2/files-2.1/org.springframework/spring-aop/5.0.3.RELEASE/25019c46a2fae8c0c4a17979665e0613949ea59f/spring-aop-5.0.3.RELEASE.jar:/Users/llei/.gradle/caches/modules-2/files-2.1/org.aspectj/aspectjweaver/1.8.13/ad94df2a28d658a40dc27bbaff6a1ce5fbf04e9b/aspectjweaver-1.8.13.jar:/Users/llei/.gradle/caches/modules-2/files-2.1/io.swagger/swagger-models/1.5.14/581d784b65e82cee5bf3e91d193d3f9c0c702453/swagger-models-1.5.14.jar:/Users/llei/.gradle/caches/modules-2/files-2.1/io.swagger/swagger-annotations/1.5.14/989c19cd0a90768885532318ca5fd7ea16290cc8/swagger-annotations-1.5.14.jar:/Users/llei/.gradle/caches/modules-2/files-2.1/org.reflections/reflections/0.9.11/4c686033d918ec1727e329b7222fcb020152e32b/reflections-0.9.11.jar:/Users/llei/.gradle/caches/modules-2/files-2.1/com.google.guava/guava/20.0/89507701249388e1ed5ddcf8c41f4ce1be7831ef/guava-20.0.jar:/Users/llei/.gradle/caches/modules-2/files-2.1/com.fasterxml/classmate/1.3.4/3d5f48f10bbe4eb7bd862f10c0583be2e0053c6/classmate-1.3.4.jar:/Users/llei/.gradle/caches/modules-2/files-2.1/com.jayway.jsonpath/json-path/2.4.0/765a4401ceb2dc8d40553c2075eb80a8fa35c2ae/json-path-2.4.0.jar:/Users/llei/.gradle/caches/modules-2/files-2.1/org.springframework.boot/spring-boot-starter-logging/2.0.0.RC1/1f19faea5174c33adf1d8dfe915dbb3711262f32/spring-boot-starter-logging-2.0.0.RC1.jar:/Users/llei/.gradle/caches/modules-2/files-2.1/ch.qos.logback/logback-classic/1.2.3/7c4f3c474fb2c041d8028740440937705ebb473a/logback-classic-1.2.3.jar:/Users/llei/.gradle/caches/modules-2/files-2.1/org.apache.logging.log4j/log4j-to-slf4j/2.10.0/f7e631ccf49cfc0aefa4a2a728da7d374c05bd3c/log4j-to-slf4j-2.10.0.jar:/Users/llei/.gradle/caches/modules-2/files-2.1/org.slf4j/jul-to-slf4j/1.7.25/af5364cd6679bfffb114f0dec8a157aaa283b76/jul-to-slf4j-1.7.25.jar:/Users/llei/.gradle/caches/modules-2/files-2.1/org.slf4j/slf4j-api/1.7.25/da76ca59f6a57ee3102f8f9bd9cee742973efa8a/slf4j-api-1.7.25.jar:/Users/llei/.gradle/caches/modules-2/files-2.1/org.mapstruct/mapstruct/1.2.0.Final/8609d6eb044e9f6c73cb24c8f2f4ed5c72a249c7/mapstruct-1.2.0.Final.jar:/Users/llei/.gradle/caches/modules-2/files-2.1/junit/junit/4.12/2973d150c0dc1fefe998f834810d68f278ea58ec/junit-4.12.jar:/Users/llei/.gradle/caches/modules-2/files-2.1/org.assertj/assertj-core/3.9.0/de324a44efe19b9222d2218f7ac3102d728497d8/assertj-core-3.9.0.jar:/Users/llei/.gradle/caches/modules-2/files-2.1/org.mockito/mockito-core/2.13.0/8e372943974e4a121fb8617baced8ebfe46d54f0/mockito-core-2.13.0.jar:/Users/llei/.gradle/caches/modules-2/files-2.1/org.hamcrest/hamcrest-library/1.3/4785a3c21320980282f9f33d0d1264a69040538f/hamcrest-library-1.3.jar:/Users/llei/.gradle/caches/modules-2/files-2.1/org.hamcrest/hamcrest-core/1.3/42a25dc3219429f0e5d060061f71acb49bf010a0/hamcrest-core-1.3.jar:/Users/llei/.gradle/caches/modules-2/files-2.1/org.skyscreamer/jsonassert/1.5.0/6c9d5fe2f59da598d9aefc1cfc6528ff3cf32df3/jsonassert-1.5.0.jar:/Users/llei/.gradle/caches/modules-2/files-2.1/org.springframework/spring-test/5.0.3.RELEASE/9e1f889fd26a36e2ec1b3b080b652b86e960baf0/spring-test-5.0.3.RELEASE.jar:/Users/llei/.gradle/caches/modules-2/files-2.1/org.springframework/spring-expression/5.0.3.RELEASE/ffc2e3d88a0b6ac6669e764a71cc3b49001eda21/spring-expression-5.0.3.RELEASE.jar:/Users/llei/.gradle/caches/modules-2/files-2.1/org.springframework/spring-beans/5.0.3.RELEASE/c65a623d51721f6037505ce6c11e5d19edfa1c3a/spring-beans-5.0.3.RELEASE.jar:/Users/llei/.gradle/caches/modules-2/files-2.1/org.springframework/spring-core/5.0.3.RELEASE/8950eb10c466a77677693dd495d4b6a26de315f4/spring-core-5.0.3.RELEASE.jar:/Users/llei/.gradle/caches/modules-2/files-2.1/org.xmlunit/xmlunit-core/2.5.1/4ffdb346572a7356f7521cd3119ce5287d2e339d/xmlunit-core-2.5.1.jar:/Users/llei/.gradle/caches/modules-2/files-2.1/javax.annotation/javax.annotation-api/1.3.1/20a2c0583598d68b0835474bbe07792d4f3b219f/javax.annotation-api-1.3.1.jar:/Users/llei/.gradle/caches/modules-2/files-2.1/org.yaml/snakeyaml/1.19/2d998d3d674b172a588e54ab619854d073f555b5/snakeyaml-1.19.jar:/Users/llei/.gradle/caches/modules-2/files-2.1/com.fasterxml.jackson.datatype/jackson-datatype-jdk8/2.9.2/9b0b7c623262e29c73e8f6a78f6150372d2066f8/jackson-datatype-jdk8-2.9.2.jar:/Users/llei/.gradle/caches/modules-2/files-2.1/com.fasterxml.jackson.datatype/jackson-datatype-jsr310/2.9.2/e1653d338703d8233cc1ac18c6722510bdaceb4f/jackson-datatype-jsr310-2.9.2.jar:/Users/llei/.gradle/caches/modules-2/files-2.1/com.fasterxml.jackson.module/jackson-module-parameter-names/2.9.2/be78ca220839b2c53ebd33fd4d580b5a0cacdd5a/jackson-module-parameter-names-2.9.2.jar:/Users/llei/.gradle/caches/modules-2/files-2.1/com.fasterxml.jackson.core/jackson-databind/2.9.2/1d8d8cb7cf26920ba57fb61fa56da88cc123b21f/jackson-databind-2.9.2.jar:/Users/llei/.gradle/caches/modules-2/files-2.1/org.apache.tomcat.embed/tomcat-embed-websocket/8.5.27/3cba1c5187a17b0233de5712024d6e144036ba9a/tomcat-embed-websocket-8.5.27.jar:/Users/llei/.gradle/caches/modules-2/files-2.1/org.apache.tomcat.embed/tomcat-embed-core/8.5.27/a10612f0af27c7bfcc4e8d88393adad1fc5b4ece/tomcat-embed-core-8.5.27.jar:/Users/llei/.gradle/caches/modules-2/files-2.1/org.apache.tomcat.embed/tomcat-embed-el/8.5.27/5a591bcf5c930d2b37bb40c0f95180604a3b1a57/tomcat-embed-el-8.5.27.jar:/Users/llei/.gradle/caches/modules-2/files-2.1/javax.validation/validation-api/2.0.1.Final/cb855558e6271b1b32e716d24cb85c7f583ce09e/validation-api-2.0.1.Final.jar:/Users/llei/.gradle/caches/modules-2/files-2.1/org.jboss.logging/jboss-logging/3.3.1.Final/c46217ab74b532568c0ed31dc599db3048bd1b67/jboss-logging-3.3.1.Final.jar:/Users/llei/.gradle/caches/modules-2/files-2.1/com.fasterxml.jackson.core/jackson-annotations/2.9.0/7c10d545325e3a6e72e06381afe469fd40eb701/jackson-annotations-2.9.0.jar:/Users/llei/.gradle/caches/modules-2/files-2.1/net.minidev/json-smart/2.3/7396407491352ce4fa30de92efb158adb76b5b/json-smart-2.3.jar:/Users/llei/.gradle/caches/modules-2/files-2.1/net.bytebuddy/byte-buddy/1.7.9/51218a01a882c04d0aba8c028179cce488bbcb58/byte-buddy-1.7.9.jar:/Users/llei/.gradle/caches/modules-2/files-2.1/net.bytebuddy/byte-buddy-agent/1.7.9/a6c65f9da7f467ee1f02ff2841ffd3155aee2fc9/byte-buddy-agent-1.7.9.jar:/Users/llei/.gradle/caches/modules-2/files-2.1/org.objenesis/objenesis/2.6/639033469776fd37c08358c6b92a4761feb2af4b/objenesis-2.6.jar:/Users/llei/.gradle/caches/modules-2/files-2.1/com.vaadin.external.google/android-json/0.0.20131108.vaadin1/fa26d351fe62a6a17f5cda1287c1c6110dec413f/android-json-0.0.20131108.vaadin1.jar:/Users/llei/.gradle/caches/modules-2/files-2.1/org.springframework/spring-jcl/5.0.3.RELEASE/855919d50380ed6f0ccee7b8d6789f4febdb6660/spring-jcl-5.0.3.RELEASE.jar:/Users/llei/.gradle/caches/modules-2/files-2.1/com.fasterxml.jackson.core/jackson-core/2.9.2/aed20e50152a2f19adc1995c8d8f307c7efa414d/jackson-core-2.9.2.jar:/Users/llei/.gradle/caches/modules-2/files-2.1/org.javassist/javassist/3.22.0-CR2/44eaf0990dea92f4bca4b9931b2239c0e8756ee7/javassist-3.22.0-CR2.jar:/Users/llei/.gradle/caches/modules-2/files-2.1/net.minidev/accessors-smart/1.2/c592b500269bfde36096641b01238a8350f8aa31/accessors-smart-1.2.jar:/Users/llei/.gradle/caches/modules-2/files-2.1/ch.qos.logback/logback-core/1.2.3/864344400c3d4d92dfeb0a305dc87d953677c03c/logback-core-1.2.3.jar:/Users/llei/.gradle/caches/modules-2/files-2.1/org.apache.logging.log4j/log4j-api/2.10.0/fec5797a55b786184a537abd39c3fa1449d752d6/log4j-api-2.10.0.jar:/Users/llei/.gradle/caches/modules-2/files-2.1/org.ow2.asm/asm/5.0.4/da08b8cce7bbf903602a25a3a163ae252435795/asm-5.0.4.jar, java.vm.vendor=Oracle Corporation, sun.arch.data.model=64, user.variant=, java.vendor.url=http://java.oracle.com/, user.timezone=Asia/Shanghai, os.name=Mac OS X, java.vm.specification.version=9, user.country=US, sun.java.launcher=SUN_STANDARD, sun.boot.library.path=/Library/Java/JavaVirtualMachines/jdk-9.0.4.jdk/Contents/Home/lib, sun.java.command=worker.org.gradle.process.internal.worker.GradleWorkerMain 'Gradle Test Executor 4', jdk.debug=release, sun.cpu.endian=little, user.home=/Users/llei, user.language=en, java.specification.vendor=Oracle Corporation, org.gradle.native=false, java.home=/Library/Java/JavaVirtualMachines/jdk-9.0.4.jdk/Contents/Home, file.separator=/, java.vm.compressedOopsMode=Zero based, line.separator=
, java.specification.name=Java Platform API Specification, java.vm.specification.vendor=Oracle Corporation, java.awt.graphicsenv=sun.awt.CGraphicsEnvironment, sun.management.compiler=HotSpot 64-Bit Tiered Compilers, java.runtime.version=9.0.4+11, user.name=llei, path.separator=:, os.version=10.12.3, java.runtime.name=Java(TM) SE Runtime Environment, file.encoding=UTF-8, java.vm.name=Java HotSpot(TM) 64-Bit Server VM, java.vendor.url.bug=http://bugreport.java.com/bugreport/, java.io.tmpdir=/var/folders/zr/5ts72bbd6dz8n0b4gpwry0w438x2gz/T/, java.version=9.0.4, user.dir=/Users/llei/Documents/workspace/java/microservices/services/demo/demo-api-simple-swagger-aop, os.arch=x86_64, java.vm.specification.name=Java Virtual Machine Specification, java.awt.printerjob=sun.lwawt.macosx.CPrinterJob, sun.os.patch.level=unknown, java.library.path=/Users/llei/Library/Java/Extensions:/Library/Java/Extensions:/Network/Library/Java/Extensions:/System/Library/Java/Extensions:/usr/lib/java:., java.vm.info=mixed mode, java.vendor=Oracle Corporation, java.vm.version=9.0.4+11, sun.io.unicode.encoding=UnicodeBig, java.class.version=53.0}}, SystemEnvironmentPropertySource@1164355996 {name='systemEnvironment', properties={PATH=/usr/bin:/bin:/usr/sbin:/sbin, SHELL=/bin/sh, JAVA_MAIN_CLASS_1880=worker.org.gradle.process.internal.worker.GradleWorkerMain, APP_ICON_1225=../Resources/sts.icns, USER=llei, TMPDIR=/var/folders/zr/5ts72bbd6dz8n0b4gpwry0w438x2gz/T/, SSH_AUTH_SOCK=/private/tmp/com.apple.launchd.ieKQ89vhQU/Listeners, XPC_FLAGS=0x0, __CF_USER_TEXT_ENCODING=0x68E89FF:0x0:0x0, Apple_PubSub_Socket_Render=/private/tmp/com.apple.launchd.oWfcWMvA2V/Render, JAVA_STARTED_ON_FIRST_THREAD_1225=1, LOGNAME=llei, XPC_SERVICE_NAME=org.springsource.sts.ide.10096, JAVA_MAIN_CLASS_1247=org.gradle.launcher.daemon.bootstrap.GradleDaemon, HOME=/Users/llei}}]
13:10:35.809 [Test worker] DEBUG org.springframework.core.io.support.PathMatchingResourcePatternResolver - Resolved classpath location [com/example/demo/] to resources [URL [file:/Users/llei/Documents/workspace/java/microservices/services/demo/demo-api-simple-swagger-aop/build/classes/java/test/com/example/demo/], URL [file:/Users/llei/Documents/workspace/java/microservices/services/demo/demo-api-simple-swagger-aop/build/classes/java/main/com/example/demo/]]
13:10:35.809 [Test worker] DEBUG org.springframework.core.io.support.PathMatchingResourcePatternResolver - Looking for matching resources in directory tree [/Users/llei/Documents/workspace/java/microservices/services/demo/demo-api-simple-swagger-aop/build/classes/java/test/com/example/demo]
13:10:35.810 [Test worker] DEBUG org.springframework.core.io.support.PathMatchingResourcePatternResolver - Searching directory [/Users/llei/Documents/workspace/java/microservices/services/demo/demo-api-simple-swagger-aop/build/classes/java/test/com/example/demo] for files matching pattern [/Users/llei/Documents/workspace/java/microservices/services/demo/demo-api-simple-swagger-aop/build/classes/java/test/com/example/demo/*.class]
13:10:35.818 [Test worker] DEBUG org.springframework.core.io.support.PathMatchingResourcePatternResolver - Looking for matching resources in directory tree [/Users/llei/Documents/workspace/java/microservices/services/demo/demo-api-simple-swagger-aop/build/classes/java/main/com/example/demo]
13:10:35.818 [Test worker] DEBUG org.springframework.core.io.support.PathMatchingResourcePatternResolver - Searching directory [/Users/llei/Documents/workspace/java/microservices/services/demo/demo-api-simple-swagger-aop/build/classes/java/main/com/example/demo] for files matching pattern [/Users/llei/Documents/workspace/java/microservices/services/demo/demo-api-simple-swagger-aop/build/classes/java/main/com/example/demo/*.class]
13:10:35.820 [Test worker] DEBUG org.springframework.core.io.support.PathMatchingResourcePatternResolver - Resolved location pattern [classpath*:com/example/demo/*.class] to resources [file [/Users/llei/Documents/workspace/java/microservices/services/demo/demo-api-simple-swagger-aop/build/classes/java/test/com/example/demo/DemoApiSimpleApplicationTests.class], file [/Users/llei/Documents/workspace/java/microservices/services/demo/demo-api-simple-swagger-aop/build/classes/java/main/com/example/demo/DemoApiSimpleApplication.class]]
13:10:35.857 [Test worker] DEBUG org.springframework.context.annotation.ClassPathScanningCandidateComponentProvider - Identified candidate component class: file [/Users/llei/Documents/workspace/java/microservices/services/demo/demo-api-simple-swagger-aop/build/classes/java/main/com/example/demo/DemoApiSimpleApplication.class]
13:10:35.858 [Test worker] INFO org.springframework.boot.test.context.SpringBootTestContextBootstrapper - Found @SpringBootConfiguration com.example.demo.DemoApiSimpleApplication for test class com.example.demo.DemoApiSimpleApplicationTests
13:10:35.956 [Test worker] DEBUG org.springframework.boot.test.context.SpringBootTestContextBootstrapper - @TestExecutionListeners is not present for class [com.example.demo.DemoApiSimpleApplicationTests]: using defaults.
13:10:35.957 [Test worker] INFO org.springframework.boot.test.context.SpringBootTestContextBootstrapper - Loaded default TestExecutionListener class names from location [META-INF/spring.factories]: [org.springframework.boot.test.autoconfigure.restdocs.RestDocsTestExecutionListener, org.springframework.boot.test.autoconfigure.web.client.MockRestServiceServerResetTestExecutionListener, org.springframework.boot.test.autoconfigure.web.servlet.MockMvcPrintOnlyOnFailureTestExecutionListener, org.springframework.boot.test.autoconfigure.web.servlet.WebDriverTestExecutionListener, org.springframework.boot.test.mock.mockito.MockitoTestExecutionListener, org.springframework.boot.test.mock.mockito.ResetMocksTestExecutionListener, org.springframework.test.context.web.ServletTestExecutionListener, org.springframework.test.context.support.DirtiesContextBeforeModesTestExecutionListener, org.springframework.test.context.support.DependencyInjectionTestExecutionListener, org.springframework.test.context.support.DirtiesContextTestExecutionListener, org.springframework.test.context.transaction.TransactionalTestExecutionListener, org.springframework.test.context.jdbc.SqlScriptsTestExecutionListener]
13:10:35.967 [Test worker] DEBUG org.springframework.boot.test.context.SpringBootTestContextBootstrapper - Skipping candidate TestExecutionListener [org.springframework.test.context.transaction.TransactionalTestExecutionListener] due to a missing dependency. Specify custom listener classes or make the default listener classes and their required dependencies available. Offending class: [org/springframework/transaction/interceptor/TransactionAttributeSource]
13:10:35.967 [Test worker] DEBUG org.springframework.boot.test.context.SpringBootTestContextBootstrapper - Skipping candidate TestExecutionListener [org.springframework.test.context.jdbc.SqlScriptsTestExecutionListener] due to a missing dependency. Specify custom listener classes or make the default listener classes and their required dependencies available. Offending class: [org/springframework/transaction/interceptor/TransactionAttribute]
13:10:35.968 [Test worker] INFO org.springframework.boot.test.context.SpringBootTestContextBootstrapper - Using TestExecutionListeners: [org.springframework.test.context.web.ServletTestExecutionListener@7c6490df, org.springframework.test.context.support.DirtiesContextBeforeModesTestExecutionListener@37aa8d4c, org.springframework.boot.test.autoconfigure.SpringBootDependencyInjectionTestExecutionListener@717d5db0, org.springframework.test.context.support.DirtiesContextTestExecutionListener@348bba10, org.springframework.boot.test.autoconfigure.restdocs.RestDocsTestExecutionListener@6cb13636, org.springframework.boot.test.autoconfigure.web.client.MockRestServiceServerResetTestExecutionListener@f920601, org.springframework.boot.test.autoconfigure.web.servlet.MockMvcPrintOnlyOnFailureTestExecutionListener@14994a9e, org.springframework.boot.test.autoconfigure.web.servlet.WebDriverTestExecutionListener@7dab3927, org.springframework.boot.test.mock.mockito.MockitoTestExecutionListener@18cea022, org.springframework.boot.test.mock.mockito.ResetMocksTestExecutionListener@7f31f34]
13:10:35.969 [Test worker] DEBUG org.springframework.test.annotation.ProfileValueUtils - Retrieved @ProfileValueSourceConfiguration [null] for test class [com.example.demo.DemoApiSimpleApplicationTests]
13:10:35.970 [Test worker] DEBUG org.springframework.test.annotation.ProfileValueUtils - Retrieved ProfileValueSource type [class org.springframework.test.annotation.SystemProfileValueSource] for class [com.example.demo.DemoApiSimpleApplicationTests]
]]></system-out>
  <system-err><![CDATA[]]></system-err>
</testsuite>
